<?xml version="1.0" encoding="UTF-8"?>
<OmniDataTransform xmlns="http://soap.sforce.com/2006/04/metadata">
    <active>false</active>
    <assignmentRulesUsed>false</assignmentRulesUsed>
    <deletedOnSuccess>false</deletedOnSuccess>
    <errorIgnored>false</errorIgnored>
    <fieldLevelSecurityEnabled>false</fieldLevelSecurityEnabled>
    <inputType>JSON</inputType>
    <name>ExtractAssetBasedOnAccount</name>
    <nullInputsIncludedInOutput>false</nullInputsIncludedInOutput>
    <omniDataTransformItem>
        <disabled>false</disabled>
        <filterGroup>0.0</filterGroup>
        <globalKey>ExtractAssetCustom4002</globalKey>
        <inputFieldName>Asset:AccountId</inputFieldName>
        <inputObjectQuerySequence>0.0</inputObjectQuerySequence>
        <linkedObjectSequence>0.0</linkedObjectSequence>
        <name>ExtractAssetBasedOnAccount</name>
        <outputCreationSequence>1.0</outputCreationSequence>
        <outputFieldName>AssetAccountId</outputFieldName>
        <outputObjectName>json</outputObjectName>
        <requiredForUpsert>false</requiredForUpsert>
        <upsertKey>false</upsertKey>
    </omniDataTransformItem>
    <omniDataTransformItem>
        <disabled>false</disabled>
        <filterGroup>0.0</filterGroup>
        <filterOperator>=</filterOperator>
        <filterValue>AccountId</filterValue>
        <globalKey>ExtractAssetCustom9270</globalKey>
        <inputFieldName>AccountId</inputFieldName>
        <inputObjectName>Asset</inputObjectName>
        <inputObjectQuerySequence>1.0</inputObjectQuerySequence>
        <linkedObjectSequence>0.0</linkedObjectSequence>
        <name>ExtractAssetBasedOnAccount</name>
        <outputCreationSequence>0.0</outputCreationSequence>
        <outputFieldName>Asset</outputFieldName>
        <outputObjectName>json</outputObjectName>
        <requiredForUpsert>false</requiredForUpsert>
        <upsertKey>false</upsertKey>
    </omniDataTransformItem>
    <omniDataTransformItem>
        <disabled>false</disabled>
        <filterGroup>0.0</filterGroup>
        <globalKey>ExtractAssetCustom4573</globalKey>
        <inputFieldName>Asset:Name</inputFieldName>
        <inputObjectQuerySequence>0.0</inputObjectQuerySequence>
        <linkedObjectSequence>0.0</linkedObjectSequence>
        <name>ExtractAssetBasedOnAccount</name>
        <outputCreationSequence>1.0</outputCreationSequence>
        <outputFieldName>Name</outputFieldName>
        <outputObjectName>json</outputObjectName>
        <requiredForUpsert>false</requiredForUpsert>
        <upsertKey>false</upsertKey>
    </omniDataTransformItem>
    <omniDataTransformItem>
        <disabled>false</disabled>
        <filterGroup>0.0</filterGroup>
        <globalKey>ExtractAssetCustom4045</globalKey>
        <inputFieldName>Asset:Id</inputFieldName>
        <inputObjectQuerySequence>0.0</inputObjectQuerySequence>
        <linkedObjectSequence>0.0</linkedObjectSequence>
        <name>ExtractAssetBasedOnAccount</name>
        <outputCreationSequence>1.0</outputCreationSequence>
        <outputFieldName>AssetId</outputFieldName>
        <outputObjectName>json</outputObjectName>
        <requiredForUpsert>false</requiredForUpsert>
        <upsertKey>false</upsertKey>
    </omniDataTransformItem>
    <outputType>JSON</outputType>
    <previewJsonData>{
  &quot;AccountId&quot; : &quot;00146000003lOOK&quot;
}</previewJsonData>
    <processSuperBulk>false</processSuperBulk>
    <responseCacheTtlMinutes>0.0</responseCacheTtlMinutes>
    <rollbackOnError>false</rollbackOnError>
    <sourceObject>json</sourceObject>
    <sourceObjectDefault>false</sourceObjectDefault>
    <synchronousProcessThreshold>-1.0</synchronousProcessThreshold>
    <type>Extract</type>
    <uniqueName>ExtractAssetBasedOnAccount_1</uniqueName>
    <versionNumber>1.0</versionNumber>
    <xmlDeclarationRemoved>false</xmlDeclarationRemoved>
</OmniDataTransform>
